This file contains any messages produced by compilers while
running configure, to aid debugging if configure makes a mistake.

It was created by OctGPR configure 1.1.0, which was
generated by GNU Autoconf 2.61.  Invocation command line was

  $ ./configure 

## --------- ##
## Platform. ##
## --------- ##

hostname = hajek
uname -m = i686
uname -r = 2.6.22.16-0.2-default
uname -s = Linux
uname -v = #1 SMP 2008/02/01 19:36:55 UTC

/usr/bin/uname -p = unknown
/bin/uname -X     = unknown

/bin/arch              = i686
/usr/bin/arch -k       = unknown
/usr/convex/getsysinfo = unknown
/usr/bin/hostinfo      = unknown
/bin/machine           = unknown
/usr/bin/oslevel       = unknown
/bin/universe          = unknown

PATH: /opt/intel/idb/10.0.023/bin
PATH: /opt/intel/fc/10.1.008/bin
PATH: /opt/intel/cc/10.0.023/bin
PATH: /home/hajek/bin
PATH: /usr/local/bin
PATH: /usr/bin
PATH: /bin
PATH: /usr/bin/X11
PATH: /usr/X11R6/bin
PATH: /usr/games
PATH: /opt/kde3/bin
PATH: /usr/lib/mit/bin
PATH: /usr/lib/mit/sbin


## ----------- ##
## Core tests. ##
## ----------- ##

configure:1697: checking for mkoctfile
configure:1713: found /usr/local/bin/mkoctfile
configure:1724: result: mkoctfile
configure:1800: checking for gfortran
configure:1816: found /usr/bin/gfortran
configure:1827: result: gfortran
configure:1857: checking for Fortran 77 compiler version
configure:1864: gfortran --version >&5
GNU Fortran (GCC) 4.2.1 (SUSE Linux)
Copyright (C) 2007 Free Software Foundation, Inc.

GNU Fortran comes with NO WARRANTY, to the extent permitted by law.
You may redistribute copies of GNU Fortran
under the terms of the GNU General Public License.
For more information about these matters, see the file named COPYING

configure:1867: $? = 0
configure:1874: gfortran -v >&5
Using built-in specs.
Target: i586-suse-linux
Configured with: ../configure --enable-threads=posix --prefix=/usr --with-local-prefix=/usr/local --infodir=/usr/share/info --mandir=/usr/share/man --libdir=/usr/lib --libexecdir=/usr/lib --enable-languages=c,c++,objc,fortran,obj-c++,java,ada --enable-checking=release --with-gxx-include-dir=/usr/include/c++/4.2.1 --enable-ssp --disable-libssp --disable-libgcj --with-slibdir=/lib --with-system-zlib --enable-shared --enable-__cxa_atexit --enable-libstdcxx-allocator=new --disable-libstdcxx-pch --program-suffix=-4.2 --enable-version-specific-runtime-libs --without-system-libunwind --with-cpu=generic --host=i586-suse-linux
Thread model: posix
gcc version 4.2.1 (SUSE Linux)
configure:1877: $? = 0
configure:1884: gfortran -V >&5
gfortran: '-V' option must have argument
configure:1887: $? = 1
configure:1901: checking for Fortran 77 compiler default output file name
configure:1928: gfortran -O2 -mieee-fp  conftest.f  >&5
configure:1931: $? = 0
configure:1969: result: a.out
configure:1986: checking whether the Fortran 77 compiler works
configure:1996: ./a.out
configure:1999: $? = 0
configure:2016: result: yes
configure:2023: checking whether we are cross compiling
configure:2025: result: no
configure:2028: checking for suffix of executables
configure:2035: gfortran -o conftest -O2 -mieee-fp  conftest.f  >&5
configure:2038: $? = 0
configure:2062: result: 
configure:2068: checking for suffix of object files
configure:2084: gfortran -c -O2 -mieee-fp conftest.f >&5
configure:2087: $? = 0
configure:2110: result: o
configure:2118: checking whether we are using the GNU Fortran 77 compiler
configure:2137: gfortran -c -O2 -mieee-fp conftest.F >&5
configure:2143: $? = 0
configure:2160: result: yes
configure:2166: checking whether gfortran accepts -g
configure:2183: gfortran -c -g conftest.f >&5
configure:2189: $? = 0
configure:2205: result: yes
configure:2347: checking for C compiler version
configure:2354: gcc --version >&5
gcc (GCC) 4.2.1 (SUSE Linux)
Copyright (C) 2007 Free Software Foundation, Inc.
This is free software; see the source for copying conditions.  There is NO
warranty; not even for MERCHANTABILITY or FITNESS FOR A PARTICULAR PURPOSE.

configure:2357: $? = 0
configure:2364: gcc -v >&5
Using built-in specs.
Target: i586-suse-linux
Configured with: ../configure --enable-threads=posix --prefix=/usr --with-local-prefix=/usr/local --infodir=/usr/share/info --mandir=/usr/share/man --libdir=/usr/lib --libexecdir=/usr/lib --enable-languages=c,c++,objc,fortran,obj-c++,java,ada --enable-checking=release --with-gxx-include-dir=/usr/include/c++/4.2.1 --enable-ssp --disable-libssp --disable-libgcj --with-slibdir=/lib --with-system-zlib --enable-shared --enable-__cxa_atexit --enable-libstdcxx-allocator=new --disable-libstdcxx-pch --program-suffix=-4.2 --enable-version-specific-runtime-libs --without-system-libunwind --with-cpu=generic --host=i586-suse-linux
Thread model: posix
gcc version 4.2.1 (SUSE Linux)
configure:2367: $? = 0
configure:2374: gcc -V >&5
gcc: '-V' option must have argument
configure:2377: $? = 1
configure:2380: checking whether we are using the GNU C compiler
configure:2409: gcc -c -O2 -fno-strict-aliasing  conftest.c >&5
configure:2415: $? = 0
configure:2432: result: yes
configure:2437: checking whether gcc accepts -g
configure:2467: gcc -c -g  conftest.c >&5
configure:2473: $? = 0
configure:2572: result: yes
configure:2589: checking for gcc option to accept ISO C89
configure:2663: gcc  -c -O2 -fno-strict-aliasing  conftest.c >&5
configure:2669: $? = 0
configure:2692: result: none needed
configure:2719: checking how to run the C preprocessor
configure:2759: gcc -E  conftest.c
configure:2765: $? = 0
configure:2796: gcc -E  conftest.c
conftest.c:8:28: error: ac_nonexistent.h: No such file or directory
configure:2802: $? = 1
configure: failed program was:
| /* confdefs.h.  */
| #define PACKAGE_NAME "OctGPR"
| #define PACKAGE_TARNAME "octgpr"
| #define PACKAGE_VERSION "1.1.0"
| #define PACKAGE_STRING "OctGPR 1.1.0"
| #define PACKAGE_BUGREPORT "highegg@gmail.com"
| /* end confdefs.h.  */
| #include <ac_nonexistent.h>
configure:2835: result: gcc -E
configure:2864: gcc -E  conftest.c
configure:2870: $? = 0
configure:2901: gcc -E  conftest.c
conftest.c:8:28: error: ac_nonexistent.h: No such file or directory
configure:2907: $? = 1
configure: failed program was:
| /* confdefs.h.  */
| #define PACKAGE_NAME "OctGPR"
| #define PACKAGE_TARNAME "octgpr"
| #define PACKAGE_VERSION "1.1.0"
| #define PACKAGE_STRING "OctGPR 1.1.0"
| #define PACKAGE_BUGREPORT "highegg@gmail.com"
| /* end confdefs.h.  */
| #include <ac_nonexistent.h>
configure:2945: checking for grep that handles long lines and -e
configure:3019: result: /usr/bin/grep
configure:3024: checking for egrep
configure:3102: result: /usr/bin/grep -E
configure:3107: checking for ANSI C header files
configure:3137: gcc -c -O2 -fno-strict-aliasing  conftest.c >&5
configure:3143: $? = 0
configure:3242: gcc -o conftest -O2 -fno-strict-aliasing   conftest.c  >&5
configure:3245: $? = 0
configure:3251: ./conftest
configure:3254: $? = 0
configure:3271: result: yes
configure:3295: checking for sys/types.h
configure:3316: gcc -c -O2 -fno-strict-aliasing  conftest.c >&5
configure:3322: $? = 0
configure:3338: result: yes
configure:3295: checking for sys/stat.h
configure:3316: gcc -c -O2 -fno-strict-aliasing  conftest.c >&5
configure:3322: $? = 0
configure:3338: result: yes
configure:3295: checking for stdlib.h
configure:3316: gcc -c -O2 -fno-strict-aliasing  conftest.c >&5
configure:3322: $? = 0
configure:3338: result: yes
configure:3295: checking for string.h
configure:3316: gcc -c -O2 -fno-strict-aliasing  conftest.c >&5
configure:3322: $? = 0
configure:3338: result: yes
configure:3295: checking for memory.h
configure:3316: gcc -c -O2 -fno-strict-aliasing  conftest.c >&5
configure:3322: $? = 0
configure:3338: result: yes
configure:3295: checking for strings.h
configure:3316: gcc -c -O2 -fno-strict-aliasing  conftest.c >&5
configure:3322: $? = 0
configure:3338: result: yes
configure:3295: checking for inttypes.h
configure:3316: gcc -c -O2 -fno-strict-aliasing  conftest.c >&5
configure:3322: $? = 0
configure:3338: result: yes
configure:3295: checking for stdint.h
configure:3316: gcc -c -O2 -fno-strict-aliasing  conftest.c >&5
configure:3322: $? = 0
configure:3338: result: yes
configure:3295: checking for unistd.h
configure:3316: gcc -c -O2 -fno-strict-aliasing  conftest.c >&5
configure:3322: $? = 0
configure:3338: result: yes
configure:3356: checking for stdlib.h
configure:3362: result: yes
configure:3356: checking for string.h
configure:3362: result: yes
configure:3498: checking for stdbool.h that conforms to C99
configure:3591: gcc -c -O2 -fno-strict-aliasing  conftest.c >&5
configure:3597: $? = 0
configure:3612: result: yes
configure:3614: checking for _Bool
configure:3644: gcc -c -O2 -fno-strict-aliasing  conftest.c >&5
configure:3650: $? = 0
configure:3665: result: yes
configure:3684: checking for an ANSI C-conforming const
configure:3759: gcc -c -O2 -fno-strict-aliasing  conftest.c >&5
configure:3765: $? = 0
configure:3780: result: yes
configure:3792: checking for error_at_line
configure:3818: gcc -o conftest -O2 -fno-strict-aliasing   conftest.c  >&5
configure:3824: $? = 0
configure:3841: result: yes
configure:3857: checking for stdlib.h
configure:3863: result: yes
configure:3997: checking for GNU libc compatible malloc
configure:4031: gcc -o conftest -O2 -fno-strict-aliasing   conftest.c  >&5
configure:4034: $? = 0
configure:4040: ./conftest
configure:4043: $? = 0
configure:4059: result: yes
configure:4092: checking for fprintf
configure:4148: gcc -o conftest -O2 -fno-strict-aliasing   conftest.c  >&5
conftest.c:47: warning: conflicting types for built-in function 'fprintf'
configure:4154: $? = 0
configure:4172: result: yes
configure:4092: checking for fflush
configure:4148: gcc -o conftest -O2 -fno-strict-aliasing   conftest.c  >&5
configure:4154: $? = 0
configure:4172: result: yes
configure:4194: checking how to get verbose linking output from gfortran
configure:4210: gfortran -c -O2 -mieee-fp conftest.f >&5
configure:4216: $? = 0
configure:4238: gfortran -o conftest -O2 -mieee-fp -v conftest.f
Using built-in specs.
Target: i586-suse-linux
Configured with: ../configure --enable-threads=posix --prefix=/usr --with-local-prefix=/usr/local --infodir=/usr/share/info --mandir=/usr/share/man --libdir=/usr/lib --libexecdir=/usr/lib --enable-languages=c,c++,objc,fortran,obj-c++,java,ada --enable-checking=release --with-gxx-include-dir=/usr/include/c++/4.2.1 --enable-ssp --disable-libssp --disable-libgcj --with-slibdir=/lib --with-system-zlib --enable-shared --enable-__cxa_atexit --enable-libstdcxx-allocator=new --disable-libstdcxx-pch --program-suffix=-4.2 --enable-version-specific-runtime-libs --without-system-libunwind --with-cpu=generic --host=i586-suse-linux
Thread model: posix
gcc version 4.2.1 (SUSE Linux)
 /usr/lib/gcc/i586-suse-linux/4.2.1/f951 conftest.f -ffixed-form -quiet -dumpbase conftest.f -mieee-fp -mtune=generic -auxbase conftest -O2 -version -I /usr/lib/gcc/i586-suse-linux/4.2.1/finclude -o /tmp/ccdGSZg4.s
GNU F95 version 4.2.1 (SUSE Linux) (i586-suse-linux)
	compiled by GNU C version 4.2.1 (SUSE Linux).
GGC heuristics: --param ggc-min-expand=100 --param ggc-min-heapsize=131072
 /usr/lib/gcc/i586-suse-linux/4.2.1/../../../../i586-suse-linux/bin/as -V -Qy -o /tmp/ccoQFSEW.o /tmp/ccdGSZg4.s
GNU assembler version 2.17.50 (i586-suse-linux) using BFD version (GNU Binutils) 2.17.50.20070726-14 (SUSE Linux)
 /usr/lib/gcc/i586-suse-linux/4.2.1/collect2 --eh-frame-hdr -m elf_i386 -dynamic-linker /lib/ld-linux.so.2 -o conftest /usr/lib/gcc/i586-suse-linux/4.2.1/../../../crt1.o /usr/lib/gcc/i586-suse-linux/4.2.1/../../../crti.o /usr/lib/gcc/i586-suse-linux/4.2.1/crtbegin.o -L/usr/lib/gcc/i586-suse-linux/4.2.1 -L/usr/lib/gcc/i586-suse-linux/4.2.1 -L/usr/lib/gcc/i586-suse-linux/4.2.1/../../../../i586-suse-linux/lib -L/usr/lib/gcc/i586-suse-linux/4.2.1/../../.. /tmp/ccoQFSEW.o -lgfortranbegin -lgfortran -lm -lgcc_s -lgcc -lieee -lc -lgcc_s -lgcc /usr/lib/gcc/i586-suse-linux/4.2.1/crtend.o /usr/lib/gcc/i586-suse-linux/4.2.1/../../../crtn.o
configure:4304: result: -v
configure:4306: checking for Fortran 77 libraries of gfortran
configure:4329: gfortran -o conftest -O2 -mieee-fp -v conftest.f
Using built-in specs.
Target: i586-suse-linux
Configured with: ../configure --enable-threads=posix --prefix=/usr --with-local-prefix=/usr/local --infodir=/usr/share/info --mandir=/usr/share/man --libdir=/usr/lib --libexecdir=/usr/lib --enable-languages=c,c++,objc,fortran,obj-c++,java,ada --enable-checking=release --with-gxx-include-dir=/usr/include/c++/4.2.1 --enable-ssp --disable-libssp --disable-libgcj --with-slibdir=/lib --with-system-zlib --enable-shared --enable-__cxa_atexit --enable-libstdcxx-allocator=new --disable-libstdcxx-pch --program-suffix=-4.2 --enable-version-specific-runtime-libs --without-system-libunwind --with-cpu=generic --host=i586-suse-linux
Thread model: posix
gcc version 4.2.1 (SUSE Linux)
 /usr/lib/gcc/i586-suse-linux/4.2.1/f951 conftest.f -ffixed-form -quiet -dumpbase conftest.f -mieee-fp -mtune=generic -auxbase conftest -O2 -version -I /usr/lib/gcc/i586-suse-linux/4.2.1/finclude -o /tmp/cceSp2h8.s
GNU F95 version 4.2.1 (SUSE Linux) (i586-suse-linux)
	compiled by GNU C version 4.2.1 (SUSE Linux).
GGC heuristics: --param ggc-min-expand=100 --param ggc-min-heapsize=131072
 /usr/lib/gcc/i586-suse-linux/4.2.1/../../../../i586-suse-linux/bin/as -V -Qy -o /tmp/cckx9ma5.o /tmp/cceSp2h8.s
GNU assembler version 2.17.50 (i586-suse-linux) using BFD version (GNU Binutils) 2.17.50.20070726-14 (SUSE Linux)
 /usr/lib/gcc/i586-suse-linux/4.2.1/collect2 --eh-frame-hdr -m elf_i386 -dynamic-linker /lib/ld-linux.so.2 -o conftest /usr/lib/gcc/i586-suse-linux/4.2.1/../../../crt1.o /usr/lib/gcc/i586-suse-linux/4.2.1/../../../crti.o /usr/lib/gcc/i586-suse-linux/4.2.1/crtbegin.o -L/usr/lib/gcc/i586-suse-linux/4.2.1 -L/usr/lib/gcc/i586-suse-linux/4.2.1 -L/usr/lib/gcc/i586-suse-linux/4.2.1/../../../../i586-suse-linux/lib -L/usr/lib/gcc/i586-suse-linux/4.2.1/../../.. /tmp/cckx9ma5.o -lgfortranbegin -lgfortran -lm -lgcc_s -lgcc -lieee -lc -lgcc_s -lgcc /usr/lib/gcc/i586-suse-linux/4.2.1/crtend.o /usr/lib/gcc/i586-suse-linux/4.2.1/../../../crtn.o
configure:4503: result:  -L/usr/lib/gcc/i586-suse-linux/4.2.1 -L/usr/lib/gcc/i586-suse-linux/4.2.1/../../../../i586-suse-linux/lib -L/usr/lib/gcc/i586-suse-linux/4.2.1/../../.. -lgfortranbegin -lgfortran -lm -lieee
configure:4518: checking for dummy main to link with Fortran 77 libraries
configure:4562: gcc -o conftest -O2 -fno-strict-aliasing   conftest.c   -L/usr/lib/gcc/i586-suse-linux/4.2.1 -L/usr/lib/gcc/i586-suse-linux/4.2.1/../../../../i586-suse-linux/lib -L/usr/lib/gcc/i586-suse-linux/4.2.1/../../.. -lgfortranbegin -lgfortran -lm -lieee >&5
configure:4568: $? = 0
configure:4649: result: none
configure:4685: checking for Fortran 77 name-mangling scheme
configure:4704: gfortran -c -O2 -mieee-fp conftest.f >&5
configure:4710: $? = 0
configure:4765: gcc -o conftest -O2 -fno-strict-aliasing   conftest.c cfortran_test.o   -L/usr/lib/gcc/i586-suse-linux/4.2.1 -L/usr/lib/gcc/i586-suse-linux/4.2.1/../../../../i586-suse-linux/lib -L/usr/lib/gcc/i586-suse-linux/4.2.1/../../.. -lgfortranbegin -lgfortran -lm -lieee >&5
/tmp/cca7F2Of.o: In function `main':
conftest.c:(.text+0x12): undefined reference to `foobar'
collect2: ld returned 1 exit status
configure:4771: $? = 1
configure: failed program was:
| /* confdefs.h.  */
| #define PACKAGE_NAME "OctGPR"
| #define PACKAGE_TARNAME "octgpr"
| #define PACKAGE_VERSION "1.1.0"
| #define PACKAGE_STRING "OctGPR 1.1.0"
| #define PACKAGE_BUGREPORT "highegg@gmail.com"
| #define STDC_HEADERS 1
| #define HAVE_SYS_TYPES_H 1
| #define HAVE_SYS_STAT_H 1
| #define HAVE_STDLIB_H 1
| #define HAVE_STRING_H 1
| #define HAVE_MEMORY_H 1
| #define HAVE_STRINGS_H 1
| #define HAVE_INTTYPES_H 1
| #define HAVE_STDINT_H 1
| #define HAVE_UNISTD_H 1
| #define HAVE_STDLIB_H 1
| #define HAVE_STRING_H 1
| #define HAVE__BOOL 1
| #define HAVE_STDBOOL_H 1
| #define HAVE_STDLIB_H 1
| #define HAVE_MALLOC 1
| #define HAVE_FPRINTF 1
| #define HAVE_FFLUSH 1
| /* end confdefs.h.  */
| 
| /* Override any GCC internal prototype to avoid an error.
|    Use char because int might match the return type of a GCC
|    builtin and then its argument prototype would still apply.  */
| #ifdef __cplusplus
| extern "C"
| #endif
| char foobar ();
| #ifdef F77_DUMMY_MAIN
| 
| #  ifdef __cplusplus
|      extern "C"
| #  endif
|    int F77_DUMMY_MAIN() { return 1; }
| 
| #endif
| int
| main ()
| {
| return foobar ();
|   ;
|   return 0;
| }
configure:4765: gcc -o conftest -O2 -fno-strict-aliasing   conftest.c cfortran_test.o   -L/usr/lib/gcc/i586-suse-linux/4.2.1 -L/usr/lib/gcc/i586-suse-linux/4.2.1/../../../../i586-suse-linux/lib -L/usr/lib/gcc/i586-suse-linux/4.2.1/../../.. -lgfortranbegin -lgfortran -lm -lieee >&5
configure:4771: $? = 0
configure:4850: gcc -o conftest -O2 -fno-strict-aliasing   conftest.c cfortran_test.o   -L/usr/lib/gcc/i586-suse-linux/4.2.1 -L/usr/lib/gcc/i586-suse-linux/4.2.1/../../../../i586-suse-linux/lib -L/usr/lib/gcc/i586-suse-linux/4.2.1/../../.. -lgfortranbegin -lgfortran -lm -lieee >&5
configure:4856: $? = 0
configure:4913: result: lower case, underscore, no extra underscore
configure:5027: checking for library containing dtpsv
configure:5051: gfortran -o conftest -O2 -mieee-fp -O2 -funroll-loops  conftest.f  -llapack -lblas >&5
configure:5057: $? = 0
configure:5085: result: none required
configure:5093: checking for library containing dspr
configure:5117: gfortran -o conftest -O2 -mieee-fp -O2 -funroll-loops  conftest.f  -llapack -lblas >&5
configure:5123: $? = 0
configure:5151: result: none required
configure:5162: checking for library containing dpotrf
configure:5186: gfortran -o conftest -O2 -mieee-fp -O2 -funroll-loops  conftest.f  -llapack -lblas >&5
configure:5192: $? = 0
configure:5220: result: none required
configure:5228: checking for library containing dpotrs
configure:5252: gfortran -o conftest -O2 -mieee-fp -O2 -funroll-loops  conftest.f  -llapack -lblas >&5
configure:5258: $? = 0
configure:5286: result: none required
configure:5294: checking for library containing dpotri
configure:5318: gfortran -o conftest -O2 -mieee-fp -O2 -funroll-loops  conftest.f  -llapack -lblas >&5
configure:5324: $? = 0
configure:5352: result: none required
configure:5360: checking for library containing dsyev
configure:5384: gfortran -o conftest -O2 -mieee-fp -O2 -funroll-loops  conftest.f  -llapack -lblas >&5
configure:5390: $? = 0
configure:5418: result: none required
configure:5531: creating ./config.status

## ---------------------- ##
## Running config.status. ##
## ---------------------- ##

This file was extended by OctGPR config.status 1.1.0, which was
generated by GNU Autoconf 2.61.  Invocation command line was

  CONFIG_FILES    = 
  CONFIG_HEADERS  = 
  CONFIG_LINKS    = 
  CONFIG_COMMANDS = 
  $ ./config.status 

on hajek

config.status:596: creating Makefile
config.status:596: creating config.h
config.status:819: config.h is unchanged

## ---------------- ##
## Cache variables. ##
## ---------------- ##

ac_cv_c_compiler_gnu=yes
ac_cv_c_const=yes
ac_cv_env_CC_set=
ac_cv_env_CC_value=
ac_cv_env_CFLAGS_set=
ac_cv_env_CFLAGS_value=
ac_cv_env_CPPFLAGS_set=
ac_cv_env_CPPFLAGS_value=
ac_cv_env_CPP_set=
ac_cv_env_CPP_value=
ac_cv_env_F77_set=
ac_cv_env_F77_value=
ac_cv_env_FFLAGS_set=
ac_cv_env_FFLAGS_value=
ac_cv_env_LDFLAGS_set=
ac_cv_env_LDFLAGS_value=
ac_cv_env_LIBS_set=
ac_cv_env_LIBS_value=
ac_cv_env_build_alias_set=
ac_cv_env_build_alias_value=
ac_cv_env_host_alias_set=
ac_cv_env_host_alias_value=
ac_cv_env_target_alias_set=
ac_cv_env_target_alias_value=
ac_cv_f77_compiler_gnu=yes
ac_cv_f77_dummy_main=none
ac_cv_f77_libs=' -L/usr/lib/gcc/i586-suse-linux/4.2.1 -L/usr/lib/gcc/i586-suse-linux/4.2.1/../../../../i586-suse-linux/lib -L/usr/lib/gcc/i586-suse-linux/4.2.1/../../.. -lgfortranbegin -lgfortran -lm -lieee'
ac_cv_f77_mangling='lower case, underscore, no extra underscore'
ac_cv_fortran_dummy_main=none
ac_cv_func_fflush=yes
ac_cv_func_fprintf=yes
ac_cv_func_malloc_0_nonnull=yes
ac_cv_header_inttypes_h=yes
ac_cv_header_memory_h=yes
ac_cv_header_stdbool_h=yes
ac_cv_header_stdc=yes
ac_cv_header_stdint_h=yes
ac_cv_header_stdlib_h=yes
ac_cv_header_string_h=yes
ac_cv_header_strings_h=yes
ac_cv_header_sys_stat_h=yes
ac_cv_header_sys_types_h=yes
ac_cv_header_unistd_h=yes
ac_cv_lib_error_at_line=yes
ac_cv_objext=o
ac_cv_path_EGREP='/usr/bin/grep -E'
ac_cv_path_GREP=/usr/bin/grep
ac_cv_prog_CPP='gcc -E'
ac_cv_prog_MKOCTFILE=mkoctfile
ac_cv_prog_ac_ct_F77=gfortran
ac_cv_prog_cc_c89=
ac_cv_prog_cc_g=yes
ac_cv_prog_f77_g=yes
ac_cv_prog_f77_v=-v
ac_cv_search_dpotrf='none required'
ac_cv_search_dpotri='none required'
ac_cv_search_dpotrs='none required'
ac_cv_search_dspr='none required'
ac_cv_search_dsyev='none required'
ac_cv_search_dtpsv='none required'
ac_cv_type__Bool=yes

## ----------------- ##
## Output variables. ##
## ----------------- ##

CC='gcc'
CFLAGS='-O2 -fno-strict-aliasing'
CPP='gcc -E'
CPPFLAGS=''
DEFS='-DHAVE_CONFIG_H'
ECHO_C=''
ECHO_N='-n'
ECHO_T=''
EGREP='/usr/bin/grep -E'
EXEEXT=''
F77='gfortran'
FFLAGS='-O2 -mieee-fp -O2 -funroll-loops'
FLIBS=' -L/usr/lib/gcc/i586-suse-linux/4.2.1 -L/usr/lib/gcc/i586-suse-linux/4.2.1/../../../../i586-suse-linux/lib -L/usr/lib/gcc/i586-suse-linux/4.2.1/../../.. -lgfortranbegin -lgfortran -lm -lieee'
GREP='/usr/bin/grep'
LDFLAGS=''
LIBOBJS=''
LIBS=' -llapack -lblas'
LTLIBOBJS=''
MKOCTFILE='mkoctfile'
OBJEXT='o'
PACKAGE_BUGREPORT='highegg@gmail.com'
PACKAGE_NAME='OctGPR'
PACKAGE_STRING='OctGPR 1.1.0'
PACKAGE_TARNAME='octgpr'
PACKAGE_VERSION='1.1.0'
PATH_SEPARATOR=':'
SHELL='/bin/sh'
ac_ct_CC=''
ac_ct_F77='gfortran'
bindir='${exec_prefix}/bin'
build_alias=''
datadir='${datarootdir}'
datarootdir='${prefix}/share'
docdir='${datarootdir}/doc/${PACKAGE_TARNAME}'
dvidir='${docdir}'
exec_prefix='${prefix}'
host_alias=''
htmldir='${docdir}'
includedir='${prefix}/include'
infodir='${datarootdir}/info'
libdir='${exec_prefix}/lib'
libexecdir='${exec_prefix}/libexec'
localedir='${datarootdir}/locale'
localstatedir='${prefix}/var'
mandir='${datarootdir}/man'
oldincludedir='/usr/include'
pdfdir='${docdir}'
prefix='/usr/local'
program_transform_name='s,x,x,'
psdir='${docdir}'
sbindir='${exec_prefix}/sbin'
sharedstatedir='${prefix}/com'
sysconfdir='${prefix}/etc'
target_alias=''

## ----------- ##
## confdefs.h. ##
## ----------- ##

#define PACKAGE_NAME "OctGPR"
#define PACKAGE_TARNAME "octgpr"
#define PACKAGE_VERSION "1.1.0"
#define PACKAGE_STRING "OctGPR 1.1.0"
#define PACKAGE_BUGREPORT "highegg@gmail.com"
#define STDC_HEADERS 1
#define HAVE_SYS_TYPES_H 1
#define HAVE_SYS_STAT_H 1
#define HAVE_STDLIB_H 1
#define HAVE_STRING_H 1
#define HAVE_MEMORY_H 1
#define HAVE_STRINGS_H 1
#define HAVE_INTTYPES_H 1
#define HAVE_STDINT_H 1
#define HAVE_UNISTD_H 1
#define HAVE_STDLIB_H 1
#define HAVE_STRING_H 1
#define HAVE__BOOL 1
#define HAVE_STDBOOL_H 1
#define HAVE_STDLIB_H 1
#define HAVE_MALLOC 1
#define HAVE_FPRINTF 1
#define HAVE_FFLUSH 1
#define F77_FUNC(name,NAME) name ## _
#define F77_FUNC_(name,NAME) name ## _

configure: exit 0
