This file contains any messages produced by compilers while
running configure, to aid debugging if configure makes a mistake.

It was created by configure, which was
generated by GNU Autoconf 2.61.  Invocation command line was

  $ ./configure 

## --------- ##
## Platform. ##
## --------- ##

hostname = linux-3
uname -m = i686
uname -r = 2.6.24.4-64.fc8
uname -s = Linux
uname -v = #1 SMP Sat Mar 29 09:54:46 EDT 2008

/usr/bin/uname -p = unknown
/bin/uname -X     = unknown

/bin/arch              = i686
/usr/bin/arch -k       = unknown
/usr/convex/getsysinfo = unknown
/usr/bin/hostinfo      = unknown
/bin/machine           = unknown
/usr/bin/oslevel       = unknown
/bin/universe          = unknown

PATH: /usr/kerberos/sbin
PATH: /usr/local/axiom/mnt/fedora8/bin
PATH: /usr/local/axiom/mnt/fedora8/bin
PATH: /usr/local/axiom/mnt/fedora8/bin
PATH: /usr/kerberos/bin
PATH: /usr/local/bin
PATH: /usr/bin
PATH: /bin
PATH: /usr/bin
PATH: /usr/games
PATH: /home/rrogers/bin


## ----------- ##
## Core tests. ##
## ----------- ##

configure:1735: checking for gcc
configure:1751: found /usr/bin/gcc
configure:1762: result: gcc
configure:2000: checking for C compiler version
configure:2007: gcc --version >&5
gcc (GCC) 4.1.2 20070925 (Red Hat 4.1.2-33)
Copyright (C) 2006 Free Software Foundation, Inc.
This is free software; see the source for copying conditions.  There is NO
warranty; not even for MERCHANTABILITY or FITNESS FOR A PARTICULAR PURPOSE.

configure:2010: $? = 0
configure:2017: gcc -v >&5
Using built-in specs.
Target: i386-redhat-linux
Configured with: ../configure --prefix=/usr --mandir=/usr/share/man --infodir=/usr/share/info --enable-shared --enable-threads=posix --enable-checking=release --with-system-zlib --enable-__cxa_atexit --disable-libunwind-exceptions --enable-languages=c,c++,objc,obj-c++,java,fortran,ada --enable-java-awt=gtk --disable-dssi --enable-plugin --with-java-home=/usr/lib/jvm/java-1.5.0-gcj-1.5.0.0/jre --enable-libgcj-multifile --enable-java-maintainer-mode --with-ecj-jar=/usr/share/java/eclipse-ecj.jar --with-cpu=generic --host=i386-redhat-linux
Thread model: posix
gcc version 4.1.2 20070925 (Red Hat 4.1.2-33)
configure:2020: $? = 0
configure:2027: gcc -V >&5
gcc: '-V' option must have argument
configure:2030: $? = 1
configure:2053: checking for C compiler default output file name
configure:2080: gcc    conftest.c  >&5
configure:2083: $? = 0
configure:2121: result: a.out
configure:2138: checking whether the C compiler works
configure:2148: ./a.out
configure:2151: $? = 0
configure:2168: result: yes
configure:2175: checking whether we are cross compiling
configure:2177: result: no
configure:2180: checking for suffix of executables
configure:2187: gcc -o conftest    conftest.c  >&5
configure:2190: $? = 0
configure:2214: result: 
configure:2220: checking for suffix of object files
configure:2246: gcc -c   conftest.c >&5
configure:2249: $? = 0
configure:2272: result: o
configure:2276: checking whether we are using the GNU C compiler
configure:2305: gcc -c   conftest.c >&5
configure:2311: $? = 0
configure:2328: result: yes
configure:2333: checking whether gcc accepts -g
configure:2363: gcc -c -g  conftest.c >&5
configure:2369: $? = 0
configure:2468: result: yes
configure:2485: checking for gcc option to accept ISO C89
configure:2559: gcc  -c -g -O2  conftest.c >&5
configure:2565: $? = 0
configure:2588: result: none needed
configure:2612: checking for mkoctfile
configure:2628: found /usr/bin/mkoctfile
configure:2639: result: mkoctfile
configure:2770: result: retrieving compile and link flags from mkoctfile
configure:2803: checking for F77_FUNC
configure:2810: mkoctfile -c conftest.cc
configure:2813: $? = 0
configure:2815: result: yes
configure:2832: checking for octave
configure:2848: found /usr/bin/octave
configure:2859: result: octave
configure:2867: checking for OCTAVE_VERSION in Octave
configure:2870: result: [?1034h3.0.0
configure:2875: checking for octave_config_info('canonical_host_type') in Octave
configure:2878: result: [?1034hi386-redhat-linux-gnu
configure:2883: checking for octave_config_info('SHLEXT') in Octave
configure:2886: result: [?1034hso
configure:2891: checking whether ln -s works
configure:2895: result: yes
configure:2946: checking for ranlib
configure:2962: found /usr/bin/ranlib
configure:2973: result: ranlib
configure:3011: checking for strip
configure:3039: result: strip
configure:3061: checking for gsl_message in -lgsl
configure:3096: gcc -o conftest -O2 -g -pipe -Wall -Wp,-D_FORTIFY_SOURCE=2 -fexceptions -fstack-protector --param=ssp-buffer-size=4 -m32 -march=i386 -mtune=generic -fasynchronous-unwind-tables   conftest.c -lgsl -lgslcblas -lreadline -lncurses -ldl -lhdf5 -lz -lm >&5
configure:3102: $? = 0
configure:3120: result: yes
configure:3134: checking for gsl_sf_hazard in -lgsl
configure:3169: gcc -o conftest -O2 -g -pipe -Wall -Wp,-D_FORTIFY_SOURCE=2 -fexceptions -fstack-protector --param=ssp-buffer-size=4 -m32 -march=i386 -mtune=generic -fasynchronous-unwind-tables   conftest.c -lgsl -lgslcblas -lreadline -lncurses -ldl -lhdf5 -lz -lm >&5
configure:3175: $? = 0
configure:3193: result: yes
configure:3210: checking for gsl_sf_gamma_inc in -lgsl
configure:3245: gcc -o conftest -O2 -g -pipe -Wall -Wp,-D_FORTIFY_SOURCE=2 -fexceptions -fstack-protector --param=ssp-buffer-size=4 -m32 -march=i386 -mtune=generic -fasynchronous-unwind-tables   conftest.c -lgsl -lgslcblas -lreadline -lncurses -ldl -lhdf5 -lz -lm >&5
configure:3251: $? = 0
configure:3269: result: yes
configure:3373: creating ./config.status

## ---------------------- ##
## Running config.status. ##
## ---------------------- ##

This file was extended by config.status, which was
generated by GNU Autoconf 2.61.  Invocation command line was

  CONFIG_FILES    = 
  CONFIG_HEADERS  = 
  CONFIG_LINKS    = 
  CONFIG_COMMANDS = 
  $ ./config.status 

on linux-3

config.status:600: creating Makeconf
configure:4282: result: 
octave commands will install into the following directories:
   m-files:   /usr/share/octave/3.0.0/site/m/octave-forge
   oct-files: /usr/libexec/octave/3.0.0/site/oct/i386-redhat-linux-gnu/octave-forge
   binaries:  /usr/libexec/octave/3.0.0/site/exec/i386-redhat-linux-gnu
alternatives:
   m-files:   /usr/share/octave/3.0.0/site/octave-forge-alternatives/m
   oct-files: /usr/libexec/octave/3.0.0/site/octave-forge-alternatives/oct/i386-redhat-linux-gnu

shell commands will install into the following directories:
   binaries:  ${exec_prefix}/bin
   man pages: ${datarootdir}/man
   libraries: ${exec_prefix}/lib
   headers:   ${prefix}/include

octave-forge is configured with
   octave:      octave (version [?1034h3.0.0)
   mkoctfile:	mkoctfile for Octave 0
   GSL toolbox: yes

find . -name NOINSTALL -print    # shows which toolboxes won't be installed


## ---------------- ##
## Cache variables. ##
## ---------------- ##

ac_cv_c_compiler_gnu=yes
ac_cv_env_CC_set=
ac_cv_env_CC_value=
ac_cv_env_CFLAGS_set=
ac_cv_env_CFLAGS_value=
ac_cv_env_CPPFLAGS_set=
ac_cv_env_CPPFLAGS_value=
ac_cv_env_LDFLAGS_set=
ac_cv_env_LDFLAGS_value=
ac_cv_env_LIBS_set=
ac_cv_env_LIBS_value=
ac_cv_env_build_alias_set=
ac_cv_env_build_alias_value=
ac_cv_env_host_alias_set=
ac_cv_env_host_alias_value=
ac_cv_env_target_alias_set=
ac_cv_env_target_alias_value=
ac_cv_lib_gsl_gsl_message=yes
ac_cv_lib_gsl_gsl_sf_gamma_inc=yes
ac_cv_lib_gsl_gsl_sf_hazard=yes
ac_cv_objext=o
ac_cv_prog_MKOCTFILE=mkoctfile
ac_cv_prog_OCTAVE=octave
ac_cv_prog_STRIP=strip
ac_cv_prog_ac_ct_CC=gcc
ac_cv_prog_ac_ct_RANLIB=ranlib
ac_cv_prog_cc_c89=
ac_cv_prog_cc_g=yes

## ----------------- ##
## Output variables. ##
## ----------------- ##

CC='gcc'
CFLAGS='-O2 -g -pipe -Wall -Wp,-D_FORTIFY_SOURCE=2 -fexceptions -fstack-protector --param=ssp-buffer-size=4 -m32 -march=i386 -mtune=generic -fasynchronous-unwind-tables'
COPY_FLAGS='-fdp'
CPICFLAG='-fPIC'
CPPFLAGS=''
CXX='g++'
CXXFLAGS='-O2 -g -pipe -Wall -Wp,-D_FORTIFY_SOURCE=2 -fexceptions -fstack-protector --param=ssp-buffer-size=4 -m32 -march=i386 -mtune=generic -fasynchronous-unwind-tables'
CXXPICFLAG='-fPIC'
DEFS='-DPACKAGE_NAME=\"\" -DPACKAGE_TARNAME=\"\" -DPACKAGE_VERSION=\"\" -DPACKAGE_STRING=\"\" -DPACKAGE_BUGREPORT=\"\" -DHAVE_LIBGSL=1 -DHAVE_LIBGSL=1'
ECHO_C=''
ECHO_N='-n'
ECHO_T=''
EXEEXT=''
F77='gfortran'
FFLAGS='-O2 -g -pipe -Wall -Wp,-D_FORTIFY_SOURCE=2 -fexceptions -fstack-protector --param=ssp-buffer-size=4 -m32 -march=i386 -mtune=generic -fasynchronous-unwind-tables -mieee-fp'
FPICFLAG='-fPIC'
GSL_MISSING=''
HAVE_GSL='yes'
LDFLAGS=''
LIBOBJS=''
LIBS='-lreadline -lncurses -ldl -lhdf5 -lz -lm'
LN_S='ln -s'
LTLIBOBJS=''
MKOCTFILE='mkoctfile'
OBJEXT='o'
OCTAVE='octave'
OCTAVE_VERSION='[?1034h3.0.0'
PACKAGE='octave-forge'
PACKAGE_BUGREPORT=''
PACKAGE_NAME=''
PACKAGE_STRING=''
PACKAGE_TARNAME=''
PACKAGE_VERSION=''
PATH_SEPARATOR=':'
RANLIB='ranlib'
SHELL='/bin/sh'
SHLEXT='[?1034hso'
STRIP='strip'
TOPDIR='/usr/src/octave-forge/main/gsl/src'
VERSION='0.1.0'
ac_ct_CC='gcc'
altmpath='/usr/share/octave/3.0.0/site/octave-forge-alternatives/m'
altopath='/usr/libexec/octave/3.0.0/site/octave-forge-alternatives/oct/i386-redhat-linux-gnu'
altpath=''
bindir='${exec_prefix}/bin'
build_alias=''
canonical_host_type='[?1034hi386-redhat-linux-gnu'
datadir='${datarootdir}'
datarootdir='${prefix}/share'
docdir='${datarootdir}/doc/${PACKAGE}'
dvidir='${docdir}'
exec_prefix='${prefix}'
host_alias=''
htmldir='${docdir}'
includedir='${prefix}/include'
infodir='${datarootdir}/info'
libdir='${exec_prefix}/lib'
libexecdir='${exec_prefix}/libexec'
localedir='${datarootdir}/locale'
localstatedir='${prefix}/var'
mandir='${datarootdir}/man'
mpath='/usr/share/octave/3.0.0/site/m/octave-forge'
oldincludedir='/usr/include'
opath='/usr/libexec/octave/3.0.0/site/oct/i386-redhat-linux-gnu/octave-forge'
pdfdir='${docdir}'
prefix='/usr/local'
program_transform_name='s,x,x,'
psdir='${docdir}'
sbindir='${exec_prefix}/sbin'
sharedstatedir='${prefix}/com'
subver='0'
sysconfdir='${prefix}/etc'
target_alias=''
ver='30'
xpath='/usr/libexec/octave/3.0.0/site/exec/i386-redhat-linux-gnu'

## ----------- ##
## confdefs.h. ##
## ----------- ##

#define PACKAGE_NAME ""
#define PACKAGE_TARNAME ""
#define PACKAGE_VERSION ""
#define PACKAGE_STRING ""
#define PACKAGE_BUGREPORT ""
#define HAVE_LIBGSL 1
#define HAVE_LIBGSL 1

configure: exit 0
